{"$message_type":"diagnostic","message":"linking with `cc` failed: exit status: 1","code":null,"level":"error","spans":[],"children":[{"message":" \"cc\" \"-m64\" \"/home/nevin/nexus_os/nexus_kernel/target/debug/deps/rustcdIcaen/symbols.o\" \"<28 object files omitted>\" \"-Wl,--as-needed\" \"-Wl,-Bstatic\" \"/home/nevin/nexus_os/nexus_kernel/target/debug/deps/{libbootloader-8a56110e2bda84dc,libvolatile-cb5666b59ba4a4b8,liblazy_static-06d666364f8187a9,libspin-ab01c4b255665c87,liblock_api-137d6df67650c97c,libscopeguard-a7ee921b4b3618f2}.rlib\" \"<sysroot>/lib/rustlib/x86_64-unknown-linux-gnu/lib/{libcore-*,libcompiler_builtins-*}.rlib\" \"-L\" \"/home/nevin/nexus_os/nexus_kernel/target/debug/deps/rustcdIcaen/raw-dylibs\" \"-Wl,-Bdynamic\" \"-B<sysroot>/lib/rustlib/x86_64-unknown-linux-gnu/bin/gcc-ld\" \"-fuse-ld=lld\" \"-Wl,--eh-frame-hdr\" \"-Wl,-z,noexecstack\" \"-L\" \"<sysroot>/lib/rustlib/x86_64-unknown-linux-gnu/lib\" \"-o\" \"/home/nevin/nexus_os/nexus_kernel/target/debug/deps/nexus_kernel-c6dfe850deb76924\" \"-Wl,--gc-sections\" \"-pie\" \"-Wl,-z,relro,-z,now\" \"-nodefaultlibs\"","code":null,"level":"note","spans":[],"children":[],"rendered":null},{"message":"some arguments are omitted. use `--verbose` to show all linker arguments","code":null,"level":"note","spans":[],"children":[],"rendered":null},{"message":"rust-lld: error: duplicate symbol: _start\n>>> defined at /usr/lib/gcc/x86_64-linux-gnu/13/../../../x86_64-linux-gnu/Scrt1.o:(_start)\n>>> defined at lib.rs:35 (/home/nevin/.cargo/registry/src/index.crates.io-1949cf8c6b5b557f/bootloader-0.9.33/src/lib.rs:35)\n>>>            /home/nevin/nexus_os/nexus_kernel/target/debug/deps/nexus_kernel-c6dfe850deb76924.0bzq7w2l0b9j6gdmqhu0cdlr4.1vva8h4.rcgu.o:(.text._start+0x0)\ncollect2: error: ld returned 1 exit status\n","code":null,"level":"note","spans":[],"children":[],"rendered":null}],"rendered":"\u001b[1m\u001b[91merror\u001b[0m\u001b[1m: linking with `cc` failed: exit status: 1\u001b[0m\n  \u001b[1m\u001b[94m|\u001b[0m\n  \u001b[1m\u001b[94m= \u001b[0m\u001b[1mnote\u001b[0m:  \"cc\" \"-m64\" \"/home/nevin/nexus_os/nexus_kernel/target/debug/deps/rustcdIcaen/symbols.o\" \"<28 object files omitted>\" \"-Wl,--as-needed\" \"-Wl,-Bstatic\" \"/home/nevin/nexus_os/nexus_kernel/target/debug/deps/{libbootloader-8a56110e2bda84dc,libvolatile-cb5666b59ba4a4b8,liblazy_static-06d666364f8187a9,libspin-ab01c4b255665c87,liblock_api-137d6df67650c97c,libscopeguard-a7ee921b4b3618f2}.rlib\" \"<sysroot>/lib/rustlib/x86_64-unknown-linux-gnu/lib/{libcore-*,libcompiler_builtins-*}.rlib\" \"-L\" \"/home/nevin/nexus_os/nexus_kernel/target/debug/deps/rustcdIcaen/raw-dylibs\" \"-Wl,-Bdynamic\" \"-B<sysroot>/lib/rustlib/x86_64-unknown-linux-gnu/bin/gcc-ld\" \"-fuse-ld=lld\" \"-Wl,--eh-frame-hdr\" \"-Wl,-z,noexecstack\" \"-L\" \"<sysroot>/lib/rustlib/x86_64-unknown-linux-gnu/lib\" \"-o\" \"/home/nevin/nexus_os/nexus_kernel/target/debug/deps/nexus_kernel-c6dfe850deb76924\" \"-Wl,--gc-sections\" \"-pie\" \"-Wl,-z,relro,-z,now\" \"-nodefaultlibs\"\n  \u001b[1m\u001b[94m= \u001b[0m\u001b[1mnote\u001b[0m: some arguments are omitted. use `--verbose` to show all linker arguments\n  \u001b[1m\u001b[94m= \u001b[0m\u001b[1mnote\u001b[0m: rust-lld: error: duplicate symbol: _start\n          >>> defined at /usr/lib/gcc/x86_64-linux-gnu/13/../../../x86_64-linux-gnu/Scrt1.o:(_start)\n          >>> defined at lib.rs:35 (/home/nevin/.cargo/registry/src/index.crates.io-1949cf8c6b5b557f/bootloader-0.9.33/src/lib.rs:35)\n          >>>            /home/nevin/nexus_os/nexus_kernel/target/debug/deps/nexus_kernel-c6dfe850deb76924.0bzq7w2l0b9j6gdmqhu0cdlr4.1vva8h4.rcgu.o:(.text._start+0x0)\n          collect2: error: ld returned 1 exit status\n          \n\n"}
{"$message_type":"diagnostic","message":"aborting due to 1 previous error","code":null,"level":"error","spans":[],"children":[],"rendered":"\u001b[1m\u001b[91merror\u001b[0m\u001b[1m: aborting due to 1 previous error\u001b[0m\n\n"}
